********************************************************************************
DUPLICATOR-LITE PACKAGE-LOG: August 27, 2019 6:01 pm
NOTICE: Do NOT post to public sites or forums 
********************************************************************************
VERSION:	1.3.18
WORDPRESS:	5.2.2
PHP INFO:	7.2.9 | SAPI: fpm-fcgi
SERVER:		nginx/1.14.0 
PHP TIME LIMIT: (0) no time limit imposed 
PHP MAX MEMORY: 4294967296 (256M default) 
MEMORY STACK: 2MB

********************************************************************************
DATABASE:
********************************************************************************
BUILD MODE:   MYSQLDUMP
MYSQLTIMEOUT: 5000
MYSQLDUMP:    Is Supported
SQL CREATED: betco_ff91c4fb48187a616527_20190827175739_database.sql
SQL FILE SIZE: 4.87MB (5101475)
SQL FILE TIME: 2019-08-27 18:01:17
SQL RUNTIME: 13.07 sec.

********************************************************************************
ARCHIVE Type=DUP Mode=DupArchive
********************************************************************************
ARCHIVE DIR:  /app/public
ARCHIVE FILE: betco_ff91c4fb48187a616527_20190827175739_archive.daf
FILTERS: *OFF*
DIRS:
	not set
FILES:
	not set
EXTS:  not set
----------------------------------------
COMPRESSING
SIZE:	385.37MB
STATS:	Dirs 1,784 | Files 14,087 | Total 15,871
building installer
add_extra_files1
add_extra_files2
add_extra_files3
add_extra_files4
Doing archive file check
add_extra_files5
add_extra_files6
add_extra_files7
add_extra_files_using_da1
Adding enhanced installer files to archive using DupArchive
COMPRESSED SIZE: 256.83MB
ARCHIVE RUNTIME: 425.18 sec.
MEMORY STACK: 8MB
CREATE WARNINGS: No warnings.
VALIDATION WARNINGS: No warnings.

********************************************************************************
INTEGRITY CHECKS:
********************************************************************************
SQL FILE: 4.87MB
INSTALLER FILE: 73.22KB
ARCHIVE FILE: 256.83MB 
EXPECTED FILE/DIRECTORY COUNT: 16,049
ACTUAL FILE/DIRECTORY COUNT: 16,049

********************************************************************************
RECORD ID:[2]
TOTAL PROCESS RUNTIME: 425.31 sec.
PEAK PHP MEMORY USED: 10MB
DONE PROCESSING => betco 2019-08-27 18:08:09

