********************************************************************************
DUPLICATOR-LITE PACKAGE-LOG: October 3, 2019 12:00 am
NOTICE: Do NOT post to public sites or forums 
********************************************************************************
VERSION:	1.3.18
WORDPRESS:	5.2.2
PHP INFO:	7.2.9 | SAPI: fpm-fcgi
SERVER:		nginx/1.14.0 
PHP TIME LIMIT: (0) no time limit imposed 
PHP MAX MEMORY: 4294967296 (256M default) 
MEMORY STACK: 6MB

********************************************************************************
DATABASE:
********************************************************************************
BUILD MODE:   MYSQLDUMP
MYSQLTIMEOUT: 5000
MYSQLDUMP:    Is Supported
SQL CREATED: betco_sql_90e1bd002ffb402c5629_20191002235958_database.sql
SQL FILE SIZE: 5.17MB (5421777)
SQL FILE TIME: 2019-10-03 00:00:33
SQL RUNTIME: 11.89 sec.

********************************************************************************
ARCHIVE Type=DUP Mode=DupArchive
********************************************************************************
ARCHIVE DIR:  /app/public
ARCHIVE FILE: betco_sql_90e1bd002ffb402c5629_20191002235958_archive.daf
FILTERS: *OFF*
DIRS:
	not set
FILES:
	not set
EXTS:  not set
----------------------------------------
COMPRESSING
SIZE:	0B
STATS:	Dirs 0 | Files 0 | Total 0
building installer
add_extra_files1
add_extra_files2
add_extra_files3
add_extra_files4
Doing archive file check
add_extra_files5
add_extra_files6
add_extra_files7
add_extra_files_using_da1
Adding enhanced installer files to archive using DupArchive
COMPRESSED SIZE: 2.07MB
ARCHIVE RUNTIME: 34.34 sec.
MEMORY STACK: 2MB
CREATE WARNINGS: No warnings.
VALIDATION WARNINGS: No warnings.

********************************************************************************
INTEGRITY CHECKS:
********************************************************************************
SQL FILE: 5.17MB
INSTALLER FILE: 73.22KB
ARCHIVE FILE: 2.07MB 
EXPECTED FILE/DIRECTORY COUNT: 178
ACTUAL FILE/DIRECTORY COUNT: 179

********************************************************************************
RECORD ID:[3]
TOTAL PROCESS RUNTIME: 34.37 sec.
PEAK PHP MEMORY USED: 2MB
DONE PROCESSING => betco_sql 2019-10-03 00:00:55

